<?xml version='1.0' encoding='UTF-8'?>
<testsuite hostname="Santhosh-Pavilion" name="Model.TopicResultHelperTest" tests="2" errors="0" failures="0" skipped="0" time="0.002" timestamp="2021-12-06T22:37:12">
                     <properties>
      <property name="awt.toolkit" value="sun.awt.windows.WToolkit"/><property name="java.specification.version" value="11"/><property name="sun.cpu.isalist" value="amd64"/><property name="sun.jnu.encoding" value="Cp1252"/><property name="sun.arch.data.model" value="64"/><property name="java.vendor.url" value="https://openjdk.java.net/"/><property name="sun.boot.library.path" value="C:\Program Files\Java\jdk-11.0.13\bin"/><property name="sun.java.command" value="xsbt.boot.Boot"/><property name="jdk.debug" value="release"/><property name="sun.stderr.encoding" value="cp437"/><property name="java.specification.vendor" value="Oracle Corporation"/><property name="java.version.date" value="2021-10-19"/><property name="java.home" value="C:\Program Files\Java\jdk-11.0.13"/><property name="file.separator" value="\"/><property name="java.vm.compressedOopsMode" value="32-bit"/><property name="line.separator" value="
"/><property name="sun.stdout.encoding" value="cp437"/><property name="java.specification.name" value="Java Platform API Specification"/><property name="java.vm.specification.vendor" value="Oracle Corporation"/><property name="jdk.lang.Process.allowAmbiguousCommands" value="true"/><property name="user.script" value=""/><property name="sun.management.compiler" value="HotSpot 64-Bit Tiered Compilers"/><property name="java.runtime.version" value="11.0.13+10-LTS-370"/><property name="user.name" value="Santhosh"/><property name="log4j.ignoreTCL" value="true"/><property name="file.encoding" value="UTF-8"/><property name="jnidispatch.path" value="C:\Users\Santhosh\AppData\Local\Temp\jna-2072424528\jna15760105200997067099.dll"/><property name="java.vendor.version" value="18.9"/><property name="jna.loaded" value="true"/><property name="java.io.tmpdir" value="C:\Users\Santhosh\AppData\Local\Temp\"/><property name="java.version" value="11.0.13"/><property name="java.vm.specification.name" value="Java Virtual Machine Specification"/><property name="java.awt.printerjob" value="sun.awt.windows.WPrinterJob"/><property name="sun.os.patch.level" value=""/><property name="java.library.path" value="C:\Program Files\Java\jdk-11.0.13\bin;C:\WINDOWS\Sun\Java\bin;C:\WINDOWS\system32;C:\WINDOWS;C:\Program Files\jdk-11.0.1\bin\bin;C:\Program Files\Common Files\Oracle\Java\javapath;C:\Program Files\Microsoft MPI\Bin\;C:\ProgramData\Oracle\Java\javapath;C:\windows\system32;C:\windows;C:\windows\System32\Wbem;C:\windows\System32\WindowsPowerShell\v1.0\;C:\windows\System32\OpenSSH\;C:\Program Files (x86)\NVIDIA Corporation\PhysX\Common;C:\Program Files\NVIDIA Corporation\NVIDIA NvDLISR;C:\Program Files\Java\jdk-13.0.2\bin;C:\Program Files\Microsoft SQL Server\Client SDK\ODBC\170\Tools\Binn\;C:\Program Files (x86)\Microsoft SQL Server\150\Tools\Binn\;C:\Program Files\Microsoft SQL Server\150\Tools\Binn\;C:\Program Files\Microsoft SQL Server\150\DTS\Binn\;C:\Program Files (x86)\Microsoft SQL Server\150\DTS\Binn\;C:\Program Files\Azure Data Studio\bin;C:\Program Files (x86)\Microsoft SQL Server\110\DTS\Binn\;C:\Program Files (x86)\Microsoft SQL Server\120\DTS\Binn\;C:\Program Files (x86)\Microsoft SQL Server\130\DTS\Binn\;C:\Program Files (x86)\Microsoft SQL Server\140\DTS\Binn\;C:\Program Files\Microsoft SQL Server\130\Tools\Binn\;C:\Program Files\nodejs\;C:\Program Files\Git\cmd;C:\WINDOWS\;C:\Users\Santhosh\AppData\Local\Programs\Python\Python310\Scripts\;C:\Users\Santhosh\AppData\Local\Programs\Python\Python310\;C:\Program Files\MySQL\MySQL Shell 8.0\bin\;C:\Users\Santhosh\AppData\Local\Microsoft\WindowsApps;C:\Program Files\JetBrains\PyCharm Community Edition 2019.3.1\bin;C:\Users\Santhosh\AppData\Local\Programs\Microsoft VS Code\bin;C:\Program Files\Azure Data Studio\bin;C:\Users\Santhosh\AppData\Roaming\npm;C:\Program Files\MongoDB\Server\4.4\bin;C:\Users\Santhosh\AppData\Local\atom\bin;E:\My learning\mongodb-shell-windows-x86_64-4.4.6\mongodb-win32-x86_64-windows-4.4.6\bin;C:\Users\Santhosh\AppData\Local\Microsoft\WindowsApps;C:\Users\Santhosh\AppData\Local\GitHubDesktop\bin;C:\Users\Santhosh\spark-3.2.0-bin-hadoop2.7\bin;C:\Program Files\jdk-11.0.1\bin;C:\Program Files\jdk-11.0.1\bin\bin;;."/><property name="java.vendor" value="Oracle Corporation"/><property name="scala.ext.dirs" value=""/><property name="sun.io.unicode.encoding" value="UnicodeLittle"/><property name="sun.desktop" value="windows"/><property name="java.class.path" value="C:\Program Files (x86)\sbt\\bin\sbt-launch.jar"/><property name="java.vm.vendor" value="Oracle Corporation"/><property name="user.variant" value=""/><property name="jline.shutdownhook" value="false"/><property name="user.timezone" value="America/New_York"/><property name="os.name" value="Windows 10"/><property name="java.vm.specification.version" value="11"/><property name="sun.java.launcher" value="SUN_STANDARD"/><property name="user.country" value="IN"/><property name="sun.cpu.endian" value="little"/><property name="user.home" value="C:\Users\Santhosh"/><property name="user.language" value="en"/><property name="swoval.tmpdir" value="C:\Users\Santhosh\.sbt\1.0"/><property name="java.awt.graphicsenv" value="sun.awt.Win32GraphicsEnvironment"/><property name="jline.esc.timeout" value="0"/><property name="path.separator" value=";"/><property name="os.version" value="10.0"/><property name="jna.nosys" value="true"/><property name="java.runtime.name" value="Java(TM) SE Runtime Environment"/><property name="java.vm.name" value="Java HotSpot(TM) 64-Bit Server VM"/><property name="java.vendor.url.bug" value="https://bugreport.java.com/bugreport/"/><property name="user.dir" value="E:\Masters\Concordia\Fall 2021\SOEN 6441\Project\Actor based implementation\APP_Project-AK_G05"/><property name="os.arch" value="amd64"/><property name="java.vm.info" value="mixed mode"/><property name="java.vm.version" value="11.0.13+10-LTS-370"/><property name="java.class.version" value="55.0"/>
    </properties>
                     <testcase classname="Model.TopicResultHelperTest" name="testTopic" time="0.001">
                                                 
                                               </testcase><testcase classname="Model.TopicResultHelperTest" name="addToTotalSearchListTest" time="0.001">
                                                 
                                               </testcase>
                     <system-out><![CDATA[]]></system-out>
                     <system-err><![CDATA[]]></system-err>
                   </testsuite>